  Main.cpp
C:\Users\alexe\OneDrive\Documents\GitHub\GraphicsAndComputationalProgramming\GCP_Raytracer_Framework_v1\GCP_Raytracer_Framework\Main.cpp(17,96): warning C4244: 'argument': conversion from '_Rep' to 'int', possible loss of data
          with
          [
              _Rep=__int64
          ]
C:\Users\alexe\OneDrive\Documents\GitHub\GraphicsAndComputationalProgramming\GCP_Raytracer_Framework_v1\GCP_Raytracer_Framework\Main.cpp(23,96): warning C4244: 'argument': conversion from '_Rep' to 'int', possible loss of data
          with
          [
              _Rep=__int64
          ]
C:\Users\alexe\OneDrive\Documents\GitHub\GraphicsAndComputationalProgramming\GCP_Raytracer_Framework_v1\GCP_Raytracer_Framework\Main.cpp(28,96): warning C4244: 'argument': conversion from '_Rep' to 'int', possible loss of data
          with
          [
              _Rep=__int64
          ]
  Program.cpp
C:\Users\alexe\OneDrive\Documents\GitHub\GraphicsAndComputationalProgramming\GCP_Raytracer_Framework_v1\GCP_Raytracer_Framework\Program.cpp(25,12): warning C4244: 'argument': conversion from 'time_t' to 'unsigned int', possible loss of data
C:\Users\alexe\OneDrive\Documents\GitHub\GraphicsAndComputationalProgramming\GCP_Raytracer_Framework_v1\GCP_Raytracer_Framework\Program.cpp(165,16): warning C4244: 'argument': conversion from 'time_t' to 'unsigned int', possible loss of data
C:\Program Files\Microsoft Visual Studio\2022\Community\VC\Tools\MSVC\14.34.31933\include\xutility(231,77): warning C4244: 'argument': conversion from '_Ty' to 'float', possible loss of data
          with
          [
              _Ty=int
          ]
C:\Program Files\Microsoft Visual Studio\2022\Community\VC\Tools\MSVC\14.34.31933\include\memory(2023,1): message : see reference to function template instantiation 'void std::_Construct_in_place<_Ty,T&,T&,int>(_Ty &,T &,T &,int &&) noexcept(false)' being compiled
          with
          [
              _Ty=Camera,
              T=int
          ]
C:\Program Files\Microsoft Visual Studio\2022\Community\VC\Tools\MSVC\14.34.31933\include\memory(2703,36): message : see reference to function template instantiation 'std::_Ref_count_obj2<Camera>::_Ref_count_obj2<T&,T&,_Ty>(T &,T &,_Ty &&)' being compiled
          with
          [
              T=int,
              _Ty=int
          ]
C:\Program Files\Microsoft Visual Studio\2022\Community\VC\Tools\MSVC\14.34.31933\include\memory(2704,20): message : see reference to function template instantiation 'std::_Ref_count_obj2<Camera>::_Ref_count_obj2<T&,T&,_Ty>(T &,T &,_Ty &&)' being compiled
          with
          [
              T=int,
              _Ty=int
          ]
C:\Users\alexe\OneDrive\Documents\GitHub\GraphicsAndComputationalProgramming\GCP_Raytracer_Framework_v1\GCP_Raytracer_Framework\Program.cpp(120,60): message : see reference to function template instantiation 'std::shared_ptr<Camera> std::make_shared<Camera,T&,T&,int>(T &,T &,int &&)' being compiled
          with
          [
              T=int
          ]
C:\Program Files\Microsoft Visual Studio\2022\Community\VC\Tools\MSVC\14.34.31933\include\xutility(231,77): warning C4244: 'argument': conversion from 'T' to 'float', possible loss of data
          with
          [
              T=int
          ]
  Generating code
  2 of 1207 functions ( 0.2%) were compiled, the rest were copied from previous compilation.
    1 functions were new in current compilation
    3 functions had inline decision re-evaluated but remain unchanged
  Finished generating code
  GCP_Raytracer_Framework.vcxproj -> C:\Users\alexe\OneDrive\Documents\GitHub\GraphicsAndComputationalProgramming\GCP_Raytracer_Framework_v1\x64\Release\GCP_Raytracer_Framework.exe
