c:\users\alexe\onedrive\documents\github\graphicsandcomputationalprogramming\gcp_raytracer_framework_v1\gcp_raytracer_framework\x64\release\vc143.pdb
c:\users\alexe\onedrive\documents\github\graphicsandcomputationalprogramming\gcp_raytracer_framework_v1\gcp_raytracer_framework\x64\release\sphere.obj
c:\users\alexe\onedrive\documents\github\graphicsandcomputationalprogramming\gcp_raytracer_framework_v1\gcp_raytracer_framework\x64\release\raytracer.obj
c:\users\alexe\onedrive\documents\github\graphicsandcomputationalprogramming\gcp_raytracer_framework_v1\gcp_raytracer_framework\x64\release\ray.obj
c:\users\alexe\onedrive\documents\github\graphicsandcomputationalprogramming\gcp_raytracer_framework_v1\gcp_raytracer_framework\x64\release\program.obj
c:\users\alexe\onedrive\documents\github\graphicsandcomputationalprogramming\gcp_raytracer_framework_v1\gcp_raytracer_framework\x64\release\plane.obj
c:\users\alexe\onedrive\documents\github\graphicsandcomputationalprogramming\gcp_raytracer_framework_v1\gcp_raytracer_framework\x64\release\object.obj
c:\users\alexe\onedrive\documents\github\graphicsandcomputationalprogramming\gcp_raytracer_framework_v1\gcp_raytracer_framework\x64\release\main.obj
c:\users\alexe\onedrive\documents\github\graphicsandcomputationalprogramming\gcp_raytracer_framework_v1\gcp_raytracer_framework\x64\release\gcp_gfx_framework.obj
c:\users\alexe\onedrive\documents\github\graphicsandcomputationalprogramming\gcp_raytracer_framework_v1\gcp_raytracer_framework\x64\release\camera.obj
c:\users\alexe\onedrive\documents\github\graphicsandcomputationalprogramming\gcp_raytracer_framework_v1\gcp_raytracer_framework\x64\release\glew.obj
c:\users\alexe\onedrive\documents\github\graphicsandcomputationalprogramming\gcp_raytracer_framework_v1\x64\release\gcp_raytracer_framework.exe
c:\users\alexe\onedrive\documents\github\graphicsandcomputationalprogramming\gcp_raytracer_framework_v1\gcp_raytracer_framework\x64\release\gcp_raytracer_framework.ipdb
c:\users\alexe\onedrive\documents\github\graphicsandcomputationalprogramming\gcp_raytracer_framework_v1\x64\release\gcp_raytracer_framework.pdb
c:\users\alexe\onedrive\documents\github\graphicsandcomputationalprogramming\gcp_raytracer_framework_v1\gcp_raytracer_framework\x64\release\gcp_raytracer_framework.iobj
c:\users\alexe\onedrive\documents\github\graphicsandcomputationalprogramming\gcp_raytracer_framework_v1\gcp_raytracer_framework\x64\release\gcp_rayt.df1ff551.tlog\cl.command.1.tlog
c:\users\alexe\onedrive\documents\github\graphicsandcomputationalprogramming\gcp_raytracer_framework_v1\gcp_raytracer_framework\x64\release\gcp_rayt.df1ff551.tlog\cl.read.1.tlog
c:\users\alexe\onedrive\documents\github\graphicsandcomputationalprogramming\gcp_raytracer_framework_v1\gcp_raytracer_framework\x64\release\gcp_rayt.df1ff551.tlog\cl.write.1.tlog
c:\users\alexe\onedrive\documents\github\graphicsandcomputationalprogramming\gcp_raytracer_framework_v1\gcp_raytracer_framework\x64\release\gcp_rayt.df1ff551.tlog\link.command.1.tlog
c:\users\alexe\onedrive\documents\github\graphicsandcomputationalprogramming\gcp_raytracer_framework_v1\gcp_raytracer_framework\x64\release\gcp_rayt.df1ff551.tlog\link.read.1.tlog
c:\users\alexe\onedrive\documents\github\graphicsandcomputationalprogramming\gcp_raytracer_framework_v1\gcp_raytracer_framework\x64\release\gcp_rayt.df1ff551.tlog\link.write.1.tlog
