c:\users\alexe\onedrive\documents\github\graphicsandcomputationalprogramming\gcp_raytracer_framework_v1\gcp_raytracer_framework\x64\debug\vc143.pdb
c:\users\alexe\onedrive\documents\github\graphicsandcomputationalprogramming\gcp_raytracer_framework_v1\gcp_raytracer_framework\x64\debug\vc143.idb
c:\users\alexe\onedrive\documents\github\graphicsandcomputationalprogramming\gcp_raytracer_framework_v1\gcp_raytracer_framework\x64\debug\sphere.obj
c:\users\alexe\onedrive\documents\github\graphicsandcomputationalprogramming\gcp_raytracer_framework_v1\gcp_raytracer_framework\x64\debug\ray.obj
c:\users\alexe\onedrive\documents\github\graphicsandcomputationalprogramming\gcp_raytracer_framework_v1\gcp_raytracer_framework\x64\debug\plane.obj
c:\users\alexe\onedrive\documents\github\graphicsandcomputationalprogramming\gcp_raytracer_framework_v1\gcp_raytracer_framework\x64\debug\object.obj
c:\users\alexe\onedrive\documents\github\graphicsandcomputationalprogramming\gcp_raytracer_framework_v1\gcp_raytracer_framework\x64\debug\main.obj
c:\users\alexe\onedrive\documents\github\graphicsandcomputationalprogramming\gcp_raytracer_framework_v1\gcp_raytracer_framework\x64\debug\gcp_gfx_framework.obj
c:\users\alexe\onedrive\documents\github\graphicsandcomputationalprogramming\gcp_raytracer_framework_v1\gcp_raytracer_framework\x64\debug\camera.obj
c:\users\alexe\onedrive\documents\github\graphicsandcomputationalprogramming\gcp_raytracer_framework_v1\gcp_raytracer_framework\x64\debug\raytracer.obj
c:\users\alexe\onedrive\documents\github\graphicsandcomputationalprogramming\gcp_raytracer_framework_v1\gcp_raytracer_framework\x64\debug\program.obj
c:\users\alexe\onedrive\documents\github\graphicsandcomputationalprogramming\gcp_raytracer_framework_v1\gcp_raytracer_framework\x64\debug\glew.obj
c:\users\alexe\onedrive\documents\github\graphicsandcomputationalprogramming\gcp_raytracer_framework_v1\x64\debug\gcp_raytracer_framework.exe
c:\users\alexe\onedrive\documents\github\graphicsandcomputationalprogramming\gcp_raytracer_framework_v1\gcp_raytracer_framework\x64\debug\gcp_raytracer_framework.ilk
c:\users\alexe\onedrive\documents\github\graphicsandcomputationalprogramming\gcp_raytracer_framework_v1\x64\debug\gcp_raytracer_framework.pdb
c:\users\alexe\onedrive\documents\github\graphicsandcomputationalprogramming\gcp_raytracer_framework_v1\gcp_raytracer_framework\x64\debug\gcp_rayt.df1ff551.tlog\cl.command.1.tlog
c:\users\alexe\onedrive\documents\github\graphicsandcomputationalprogramming\gcp_raytracer_framework_v1\gcp_raytracer_framework\x64\debug\gcp_rayt.df1ff551.tlog\cl.items.tlog
c:\users\alexe\onedrive\documents\github\graphicsandcomputationalprogramming\gcp_raytracer_framework_v1\gcp_raytracer_framework\x64\debug\gcp_rayt.df1ff551.tlog\cl.read.1.tlog
c:\users\alexe\onedrive\documents\github\graphicsandcomputationalprogramming\gcp_raytracer_framework_v1\gcp_raytracer_framework\x64\debug\gcp_rayt.df1ff551.tlog\cl.write.1.tlog
c:\users\alexe\onedrive\documents\github\graphicsandcomputationalprogramming\gcp_raytracer_framework_v1\gcp_raytracer_framework\x64\debug\gcp_rayt.df1ff551.tlog\link.command.1.tlog
c:\users\alexe\onedrive\documents\github\graphicsandcomputationalprogramming\gcp_raytracer_framework_v1\gcp_raytracer_framework\x64\debug\gcp_rayt.df1ff551.tlog\link.read.1.tlog
c:\users\alexe\onedrive\documents\github\graphicsandcomputationalprogramming\gcp_raytracer_framework_v1\gcp_raytracer_framework\x64\debug\gcp_rayt.df1ff551.tlog\link.write.1.tlog
